27.9.2023, 13:27:56 - INFO - server.js loaded... 
27.9.2023, 13:27:56 - INFO - Server is running on port: 3030 
27.9.2023, 13:28:23 - INFO - Req was made | / 
27.9.2023, 13:28:23 - DEBUG - Getting Cars | {"txt":""} 
27.9.2023, 15:57:23 - INFO - server.js loaded... 
27.9.2023, 15:57:23 - INFO - Server is running on port: 3030 
27.9.2023, 15:59:09 - INFO - server.js loaded... 
27.9.2023, 15:59:09 - INFO - Server is running on port: 3030 
27.9.2023, 15:59:42 - INFO - server.js loaded... 
27.9.2023, 15:59:42 - INFO - Server is running on port: 3030 
27.9.2023, 16:00:15 - INFO - server.js loaded... 
27.9.2023, 16:00:15 - INFO - Server is running on port: 3030 
27.9.2023, 16:00:47 - INFO - server.js loaded... 
27.9.2023, 16:00:47 - INFO - Server is running on port: 3030 
27.9.2023, 16:06:18 - INFO - server.js loaded... 
27.9.2023, 16:06:18 - INFO - Server is running on port: 3030 
27.9.2023, 16:06:21 - INFO - server.js loaded... 
27.9.2023, 16:06:21 - INFO - Server is running on port: 3030 
27.9.2023, 16:16:24 - INFO - server.js loaded... 
27.9.2023, 16:16:24 - INFO - Server is running on port: 3030 
27.9.2023, 16:17:08 - INFO - server.js loaded... 
27.9.2023, 16:17:08 - INFO - Server is running on port: 3030 
27.9.2023, 16:17:27 - INFO - server.js loaded... 
27.9.2023, 16:17:27 - INFO - Server is running on port: 3030 
27.9.2023, 17:31:40 - INFO - server.js loaded... 
27.9.2023, 17:31:40 - INFO - Server is running on port: 3030 
27.9.2023, 17:31:51 - INFO - Req was made | / 
27.9.2023, 17:31:51 - DEBUG - Getting Cars | {"txt":""} 
27.9.2023, 17:32:14 - INFO - Req was made | / 
27.9.2023, 17:32:14 - DEBUG - Getting Cars | {"txt":""} 
27.9.2023, 17:32:23 - DEBUG - auth.service - login with username: puk 
27.9.2023, 17:32:23 - INFO - User login:  | {"_id":"646a02c55097065c5e3e9387","username":"puk","fullname":"puk","score":494} 
27.9.2023, 17:32:27 - INFO - Req was made | / 
27.9.2023, 17:32:27 - DEBUG - Getting Cars | {"txt":""} 
27.9.2023, 17:32:46 - INFO - Req was made | / 
27.9.2023, 17:32:46 - DEBUG - Getting Cars | {"txt":""} 
28.9.2023, 11:43:20 - INFO - server.js loaded... 
28.9.2023, 11:43:20 - INFO - Server is running on port: 3030 
28.9.2023, 11:53:10 - INFO - Req was made | / 
28.9.2023, 11:53:10 - DEBUG - Getting Cars | {"txt":""} 
28.9.2023, 12:25:04 - INFO - server.js loaded... 
28.9.2023, 12:25:04 - INFO - Server is running on port: 3030 
28.9.2023, 12:30:15 - INFO - server.js loaded... 
28.9.2023, 12:30:15 - INFO - Server is running on port: 3030 
28.9.2023, 12:39:06 - INFO - Req was made | / 
28.9.2023, 12:39:06 - DEBUG - Getting Cars | {"txt":""} 
28.9.2023, 12:54:41 - INFO - Req was made | / 
28.9.2023, 12:54:41 - DEBUG - Getting Cars | {"txt":""} 
28.9.2023, 22:30:31 - INFO - Server is running on port: 3030 
28.9.2023, 22:30:31 - INFO - server.js loaded... 
28.9.2023, 22:30:59 - INFO - server.js loaded... 
28.9.2023, 22:30:59 - INFO - Server is running on port: 3030 
28.9.2023, 22:31:32 - DEBUG - Getting Cars | {"txt":""} 
28.9.2023, 22:31:32 - INFO - Req was made | / 
28.9.2023, 22:34:51 - INFO - Req was made | / 
28.9.2023, 22:34:51 - DEBUG - Getting Toys | {"txt":""} 
28.9.2023, 22:39:47 - INFO - server.js loaded... 
28.9.2023, 22:39:47 - INFO - Server is running on port: 3030 
28.9.2023, 22:39:50 - INFO - Req was made | / 
28.9.2023, 22:39:50 - DEBUG - Getting Toys | {"txt":""} 
28.9.2023, 22:40:58 - INFO - server.js loaded... 
28.9.2023, 22:40:58 - INFO - Server is running on port: 3030 
28.9.2023, 22:41:02 - INFO - Req was made | / 
28.9.2023, 22:41:02 - DEBUG - Getting Toys | {"txt":""} 
28.9.2023, 22:41:26 - INFO - server.js loaded... 
28.9.2023, 22:41:26 - INFO - Server is running on port: 3030 
28.9.2023, 22:41:28 - INFO - server.js loaded... 
28.9.2023, 22:41:28 - INFO - Server is running on port: 3030 
28.9.2023, 22:43:30 - INFO - server.js loaded... 
28.9.2023, 22:43:30 - INFO - Server is running on port: 3030 
28.9.2023, 22:43:33 - INFO - Req was made | / 
28.9.2023, 22:43:33 - DEBUG - Getting Toys | {"txt":""} 
28.9.2023, 22:43:55 - INFO - Req was made | / 
28.9.2023, 22:43:55 - DEBUG - Getting Toys | {"txt":""} 
28.9.2023, 22:44:03 - ERROR - cannot find toys | ReferenceError: logger is not defined 
28.9.2023, 22:44:03 - ERROR - Failed to get toys | ReferenceError: logger is not defined 
28.9.2023, 22:44:21 - INFO - server.js loaded... 
28.9.2023, 22:44:21 - INFO - Server is running on port: 3030 
28.9.2023, 22:47:36 - INFO - server.js loaded... 
28.9.2023, 22:47:36 - INFO - Server is running on port: 3030 
28.9.2023, 22:47:59 - INFO - Req was made | / 
28.9.2023, 22:47:59 - DEBUG - Getting Toys | {"txt":""} 
28.9.2023, 22:48:16 - INFO - Req was made | / 
28.9.2023, 22:48:16 - DEBUG - Getting Toys | {"txt":""} 
28.9.2023, 22:48:35 - INFO - Req was made | / 
28.9.2023, 22:48:35 - DEBUG - Getting Toys | {"txt":""} 
28.9.2023, 22:49:17 - INFO - server.js loaded... 
28.9.2023, 22:49:17 - INFO - Server is running on port: 3030 
28.9.2023, 22:49:20 - INFO - Req was made | / 
28.9.2023, 22:49:20 - DEBUG - Getting Toys | {"txt":""} 
28.9.2023, 22:49:28 - INFO - server.js loaded... 
28.9.2023, 22:49:28 - INFO - Server is running on port: 3030 
28.9.2023, 22:49:47 - INFO - server.js loaded... 
28.9.2023, 22:49:47 - INFO - Server is running on port: 3030 
28.9.2023, 22:49:51 - DEBUG - Getting Toys | {"txt":""} 
28.9.2023, 22:49:51 - INFO - Req was made | / 
28.9.2023, 22:49:53 - INFO - Req was made | / 
28.9.2023, 22:49:53 - DEBUG - Getting Toys | {"txt":""} 
28.9.2023, 22:49:53 - INFO - Req was made | / 
28.9.2023, 22:49:53 - DEBUG - Getting Toys | {"txt":""} 
28.9.2023, 22:50:16 - INFO - server.js loaded... 
28.9.2023, 22:50:16 - INFO - Server is running on port: 3030 
28.9.2023, 22:50:20 - DEBUG - Getting Toys | {"txt":""} 
28.9.2023, 22:50:20 - INFO - Req was made | / 
28.9.2023, 22:50:45 - INFO - server.js loaded... 
28.9.2023, 22:50:45 - INFO - Server is running on port: 3030 
28.9.2023, 22:51:03 - INFO - server.js loaded... 
28.9.2023, 22:51:03 - INFO - Server is running on port: 3030 
28.9.2023, 23:04:02 - INFO - Req was made | / 
28.9.2023, 23:04:02 - DEBUG - Getting Toys | {"txt":""} 
28.9.2023, 23:05:34 - INFO - Req was made | / 
28.9.2023, 23:05:34 - DEBUG - Getting Toys | {"txt":"new"} 
28.9.2023, 23:06:45 - INFO - Req was made | / 
28.9.2023, 23:06:45 - DEBUG - Getting Toys | {"txt":""} 
28.9.2023, 23:07:33 - ERROR - while finding toy 81OnF | Error: Argument passed in must be a single String of 12 bytes or a string of 24 hex characters 
28.9.2023, 23:07:33 - ERROR - Failed to get toy | Error: Argument passed in must be a single String of 12 bytes or a string of 24 hex characters 
28.9.2023, 23:07:56 - ERROR - while finding toy t103 | Error: Argument passed in must be a single String of 12 bytes or a string of 24 hex characters 
28.9.2023, 23:07:56 - ERROR - Failed to get toy | Error: Argument passed in must be a single String of 12 bytes or a string of 24 hex characters 
28.9.2023, 23:08:01 - INFO - Req was made | / 
28.9.2023, 23:08:01 - DEBUG - Getting Toys | {"txt":""} 
28.9.2023, 23:08:31 - ERROR - while finding toy t103 | Error: Argument passed in must be a single String of 12 bytes or a string of 24 hex characters 
28.9.2023, 23:08:31 - ERROR - Failed to get toy | Error: Argument passed in must be a single String of 12 bytes or a string of 24 hex characters 
28.9.2023, 23:10:19 - INFO - server.js loaded... 
28.9.2023, 23:10:19 - INFO - Server is running on port: 3030 
28.9.2023, 23:10:22 - ERROR - while finding toy t103 | Error: Argument passed in must be a single String of 12 bytes or a string of 24 hex characters 
28.9.2023, 23:10:22 - ERROR - Failed to get toy | Error: Argument passed in must be a single String of 12 bytes or a string of 24 hex characters 
28.9.2023, 23:10:34 - INFO - server.js loaded... 
28.9.2023, 23:10:34 - INFO - Server is running on port: 3030 
28.9.2023, 23:10:36 - ERROR - while finding toy t103 | Error: Argument passed in must be a single String of 12 bytes or a string of 24 hex characters 
28.9.2023, 23:10:36 - ERROR - Failed to get toy | Error: Argument passed in must be a single String of 12 bytes or a string of 24 hex characters 
28.9.2023, 23:11:02 - INFO - server.js loaded... 
28.9.2023, 23:11:02 - INFO - Server is running on port: 3030 
28.9.2023, 23:11:04 - ERROR - while finding toy t103 | Error: Argument passed in must be a single String of 12 bytes or a string of 24 hex characters 
28.9.2023, 23:11:04 - ERROR - Failed to get toy | Error: Argument passed in must be a single String of 12 bytes or a string of 24 hex characters 
28.9.2023, 23:11:08 - INFO - server.js loaded... 
28.9.2023, 23:11:08 - INFO - Server is running on port: 3030 
28.9.2023, 23:12:54 - ERROR - while finding toy t103 | Error: Argument passed in must be a single String of 12 bytes or a string of 24 hex characters 
28.9.2023, 23:12:54 - ERROR - Failed to get toy | Error: Argument passed in must be a single String of 12 bytes or a string of 24 hex characters 
28.9.2023, 23:16:02 - INFO - server.js loaded... 
28.9.2023, 23:16:02 - INFO - Server is running on port: 3030 
28.9.2023, 23:16:19 - INFO - server.js loaded... 
28.9.2023, 23:16:19 - INFO - Server is running on port: 3030 
28.9.2023, 23:20:45 - INFO - Server is running on port: 3030 
28.9.2023, 23:20:45 - INFO - server.js loaded... 
28.9.2023, 23:24:05 - INFO - Req was made | / 
28.9.2023, 23:24:05 - DEBUG - Getting Toys | {"txt":""} 
28.9.2023, 23:24:25 - DEBUG - Getting Toys | {"txt":""} 
28.9.2023, 23:24:25 - INFO - Req was made | / 
28.9.2023, 23:24:43 - INFO - server.js loaded... 
28.9.2023, 23:24:43 - INFO - Server is running on port: 3030 
28.9.2023, 23:24:48 - INFO - Req was made | / 
28.9.2023, 23:24:48 - DEBUG - Getting Toys | {"txt":""} 
28.9.2023, 23:25:09 - INFO - Req was made | / 
28.9.2023, 23:25:09 - DEBUG - Getting Toys | {"txt":""} 
28.9.2023, 23:34:19 - INFO - Req was made | / 
28.9.2023, 23:34:19 - DEBUG - Getting Toys | {"txt":""} 
28.9.2023, 23:34:19 - INFO - Req was made | / 
28.9.2023, 23:34:19 - DEBUG - Getting Toys | {"txt":""} 
28.9.2023, 23:34:24 - INFO - Req was made | / 
28.9.2023, 23:34:24 - DEBUG - Getting Toys | {"txt":""} 
28.9.2023, 23:36:15 - INFO - Req was made | / 
28.9.2023, 23:36:15 - DEBUG - Getting Toys | {"txt":""} 
28.9.2023, 23:37:11 - INFO - Req was made | / 
28.9.2023, 23:37:11 - DEBUG - Getting Toys | {"txt":""} 
28.9.2023, 23:37:17 - INFO - Req was made | / 
28.9.2023, 23:37:17 - DEBUG - Getting Toys | {"txt":""} 
28.9.2023, 23:37:43 - INFO - Req was made | / 
28.9.2023, 23:37:43 - DEBUG - Getting Toys | {"txt":""} 
28.9.2023, 23:38:33 - INFO - Req was made | / 
28.9.2023, 23:38:33 - DEBUG - Getting Toys | {"txt":""} 
28.9.2023, 23:38:36 - INFO - Req was made | / 
28.9.2023, 23:38:36 - DEBUG - Getting Toys | {"txt":""} 
28.9.2023, 23:42:26 - INFO - Req was made | / 
28.9.2023, 23:42:26 - DEBUG - Getting Toys | {"txt":""} 
28.9.2023, 23:42:36 - INFO - Req was made | / 
28.9.2023, 23:42:36 - DEBUG - Getting Toys | {"txt":""} 
29.9.2023, 0:17:44 - INFO - Req was made | / 
29.9.2023, 0:17:44 - DEBUG - Getting Toys | {"txt":""} 
29.9.2023, 0:19:59 - INFO - Req was made | / 
29.9.2023, 0:19:59 - DEBUG - Getting Toys | {"txt":""} 
29.9.2023, 0:20:02 - INFO - Req was made | / 
29.9.2023, 0:20:02 - DEBUG - Getting Toys | {"txt":""} 
29.9.2023, 0:20:13 - DEBUG - Getting Toys | {"txt":""} 
29.9.2023, 0:20:13 - INFO - Req was made | / 
29.9.2023, 0:20:15 - INFO - Req was made | / 
29.9.2023, 0:20:15 - DEBUG - Getting Toys | {"txt":""} 
29.9.2023, 0:29:15 - INFO - Req was made | / 
29.9.2023, 0:29:15 - DEBUG - Getting Toys | {"txt":""} 
29.9.2023, 0:29:49 - INFO - Req was made | / 
29.9.2023, 0:29:49 - DEBUG - Getting Toys | {"txt":""} 
29.9.2023, 0:30:17 - INFO - Req was made | / 
29.9.2023, 0:30:17 - DEBUG - Getting Toys | {"txt":""} 
29.9.2023, 0:30:30 - INFO - Req was made | / 
29.9.2023, 0:30:30 - DEBUG - Getting Toys | {"txt":""} 
29.9.2023, 0:30:30 - INFO - Req was made | / 
29.9.2023, 0:30:30 - DEBUG - Getting Toys | {"txt":""} 
29.9.2023, 0:30:37 - INFO - Req was made | / 
29.9.2023, 0:30:37 - DEBUG - Getting Toys | {"txt":""} 
29.9.2023, 0:30:45 - INFO - Req was made | / 
29.9.2023, 0:30:45 - DEBUG - Getting Toys | {"txt":""} 
29.9.2023, 0:30:47 - INFO - Req was made | / 
29.9.2023, 0:30:47 - DEBUG - Getting Toys | {"txt":""} 
29.9.2023, 0:30:47 - DEBUG - Getting Toys | {"txt":""} 
29.9.2023, 0:30:47 - INFO - Req was made | / 
29.9.2023, 0:31:08 - INFO - Req was made | / 
29.9.2023, 0:31:08 - DEBUG - Getting Toys | {"txt":""} 
29.9.2023, 0:31:15 - INFO - Req was made | / 
29.9.2023, 0:31:15 - DEBUG - Getting Toys | {"txt":""} 
29.9.2023, 0:32:19 - INFO - Req was made | / 
29.9.2023, 0:32:19 - DEBUG - Getting Toys | {"txt":""} 
29.9.2023, 0:32:27 - INFO - Req was made | / 
29.9.2023, 0:32:27 - DEBUG - Getting Toys | {"txt":""} 
29.9.2023, 0:32:27 - INFO - Req was made | / 
29.9.2023, 0:32:27 - DEBUG - Getting Toys | {"txt":""} 
29.9.2023, 0:32:31 - INFO - Req was made | / 
29.9.2023, 0:32:31 - DEBUG - Getting Toys | {"txt":""} 
29.9.2023, 0:32:51 - DEBUG - Getting Toys | {"txt":""} 
29.9.2023, 0:32:51 - INFO - Req was made | / 
29.9.2023, 0:32:59 - INFO - Req was made | / 
29.9.2023, 0:32:59 - DEBUG - Getting Toys | {"txt":""} 
29.9.2023, 0:32:59 - INFO - Req was made | / 
29.9.2023, 0:32:59 - DEBUG - Getting Toys | {"txt":""} 
29.9.2023, 0:33:01 - INFO - Req was made | / 
29.9.2023, 0:33:01 - DEBUG - Getting Toys | {"txt":""} 
29.9.2023, 0:36:08 - DEBUG - Getting Toys | {"txt":""} 
29.9.2023, 0:36:08 - INFO - Req was made | / 
29.9.2023, 0:38:36 - INFO - Req was made | / 
29.9.2023, 0:38:36 - DEBUG - Getting Toys | {"txt":""} 
29.9.2023, 0:39:03 - INFO - Req was made | / 
29.9.2023, 0:39:03 - DEBUG - Getting Toys | {"txt":""} 
29.9.2023, 0:50:15 - INFO - Req was made | / 
29.9.2023, 0:50:15 - DEBUG - Getting Toys | {"txt":""} 
29.9.2023, 0:50:33 - INFO - Req was made | / 
29.9.2023, 0:50:33 - DEBUG - Getting Toys | {"txt":""} 
29.9.2023, 0:50:46 - INFO - Req was made | / 
29.9.2023, 0:50:46 - DEBUG - Getting Toys | {"txt":""} 
29.9.2023, 0:51:11 - INFO - Req was made | / 
29.9.2023, 0:51:11 - DEBUG - Getting Toys | {"txt":""} 
29.9.2023, 0:52:10 - INFO - Req was made | / 
29.9.2023, 0:52:10 - DEBUG - Getting Toys | {"txt":""} 
29.9.2023, 0:52:47 - INFO - Req was made | / 
29.9.2023, 0:52:47 - DEBUG - Getting Toys | {"txt":""} 
29.9.2023, 0:52:49 - INFO - Req was made | / 
29.9.2023, 0:52:49 - DEBUG - Getting Toys | {"txt":""} 
29.9.2023, 9:37:43 - INFO - Req was made | / 
29.9.2023, 9:37:43 - DEBUG - Getting Toys | {"txt":""} 
29.9.2023, 9:38:00 - DEBUG - Getting Toys | {"txt":""} 
29.9.2023, 9:38:00 - INFO - Req was made | / 
29.9.2023, 9:39:29 - INFO - Req was made | / 
29.9.2023, 9:39:29 - DEBUG - Getting Toys | {"txt":""} 
29.9.2023, 9:39:29 - INFO - Req was made | / 
29.9.2023, 9:39:29 - DEBUG - Getting Toys | {"txt":""} 
29.9.2023, 9:39:31 - INFO - Req was made | / 
29.9.2023, 9:39:31 - DEBUG - Getting Toys | {"txt":""} 
29.9.2023, 9:41:10 - DEBUG - Getting Toys | {"txt":""} 
29.9.2023, 9:41:10 - INFO - Req was made | / 
29.9.2023, 9:42:02 - INFO - Req was made | / 
29.9.2023, 9:42:02 - DEBUG - Getting Toys | {"txt":""} 
29.9.2023, 9:42:02 - INFO - Req was made | / 
29.9.2023, 9:42:02 - DEBUG - Getting Toys | {"txt":""} 
29.9.2023, 9:42:03 - INFO - Req was made | / 
29.9.2023, 9:42:03 - DEBUG - Getting Toys | {"txt":""} 
29.9.2023, 9:44:10 - INFO - Req was made | / 
29.9.2023, 9:44:10 - DEBUG - Getting Toys | {"txt":""} 
29.9.2023, 9:59:53 - INFO - Req was made | / 
29.9.2023, 9:59:53 - DEBUG - Getting Toys | {"txt":""} 
29.9.2023, 10:02:39 - INFO - Req was made | / 
29.9.2023, 10:02:39 - DEBUG - Getting Toys | {"txt":""} 
29.9.2023, 10:03:03 - INFO - Req was made | / 
29.9.2023, 10:03:03 - DEBUG - Getting Toys | {"txt":""} 
29.9.2023, 10:03:47 - INFO - Req was made | / 
29.9.2023, 10:03:47 - DEBUG - Getting Toys | {"txt":""} 
29.9.2023, 10:07:48 - INFO - Req was made | / 
29.9.2023, 10:07:48 - DEBUG - Getting Toys | {"txt":""} 
29.9.2023, 10:07:52 - INFO - Req was made | / 
29.9.2023, 10:07:52 - DEBUG - Getting Toys | {"txt":""} 
29.9.2023, 10:08:14 - INFO - Req was made | / 
29.9.2023, 10:08:14 - DEBUG - Getting Toys | {"txt":""} 
29.9.2023, 10:10:53 - INFO - Req was made | / 
29.9.2023, 10:10:53 - DEBUG - Getting Toys | {"txt":""} 
29.9.2023, 10:12:39 - INFO - Req was made | / 
29.9.2023, 10:12:39 - DEBUG - Getting Toys | {"txt":""} 
29.9.2023, 10:13:43 - INFO - Req was made | / 
29.9.2023, 10:13:43 - DEBUG - Getting Toys | {"txt":""} 
29.9.2023, 10:13:50 - INFO - Req was made | / 
29.9.2023, 10:13:50 - DEBUG - Getting Toys | {"txt":""} 
29.9.2023, 10:25:44 - INFO - Req was made | / 
29.9.2023, 10:25:44 - DEBUG - Getting Toys | {"txt":""} 
29.9.2023, 10:25:44 - INFO - Req was made | / 
29.9.2023, 10:25:44 - DEBUG - Getting Toys | {"txt":""} 
29.9.2023, 10:25:49 - INFO - Req was made | / 
29.9.2023, 10:25:49 - DEBUG - Getting Toys | {"txt":""} 
29.9.2023, 10:26:02 - DEBUG - Getting Toys | {"txt":""} 
29.9.2023, 10:26:02 - INFO - Req was made | / 
29.9.2023, 10:26:10 - INFO - Req was made | / 
29.9.2023, 10:26:10 - DEBUG - Getting Toys | {"txt":""} 
29.9.2023, 10:26:10 - INFO - Req was made | / 
29.9.2023, 10:26:10 - DEBUG - Getting Toys | {"txt":""} 
29.9.2023, 10:26:50 - INFO - Req was made | / 
29.9.2023, 10:26:50 - DEBUG - Getting Toys | {"txt":""} 
29.9.2023, 10:27:17 - INFO - Req was made | / 
29.9.2023, 10:27:17 - DEBUG - Getting Toys | {"txt":""} 
29.9.2023, 10:27:32 - DEBUG - Getting Toys | {"txt":""} 
29.9.2023, 10:27:32 - INFO - Req was made | / 
29.9.2023, 10:27:45 - INFO - Req was made | / 
29.9.2023, 10:27:45 - DEBUG - Getting Toys | {"txt":""} 
29.9.2023, 10:27:58 - INFO - Req was made | / 
29.9.2023, 10:27:58 - DEBUG - Getting Toys | {"txt":""} 
29.9.2023, 10:28:02 - INFO - Req was made | / 
29.9.2023, 10:28:02 - DEBUG - Getting Toys | {"txt":""} 
29.9.2023, 10:30:36 - INFO - Req was made | / 
29.9.2023, 10:30:36 - DEBUG - Getting Toys | {"txt":""} 
29.9.2023, 10:30:45 - INFO - Req was made | / 
29.9.2023, 10:30:45 - DEBUG - Getting Toys | {"txt":""} 
29.9.2023, 10:30:46 - INFO - Req was made | / 
29.9.2023, 10:30:46 - DEBUG - Getting Toys | {"txt":""} 
29.9.2023, 10:30:46 - INFO - Req was made | / 
29.9.2023, 10:30:46 - DEBUG - Getting Toys | {"txt":""} 
29.9.2023, 10:30:50 - INFO - Req was made | / 
29.9.2023, 10:30:50 - DEBUG - Getting Toys | {"txt":""} 
29.9.2023, 10:31:08 - INFO - Req was made | / 
29.9.2023, 10:31:08 - DEBUG - Getting Toys | {"txt":""} 
29.9.2023, 10:31:08 - INFO - Req was made | / 
29.9.2023, 10:31:08 - DEBUG - Getting Toys | {"txt":""} 
29.9.2023, 10:31:08 - INFO - Req was made | / 
29.9.2023, 10:31:08 - DEBUG - Getting Toys | {"txt":""} 
29.9.2023, 10:31:21 - INFO - Req was made | / 
29.9.2023, 10:31:21 - DEBUG - Getting Toys | {"txt":""} 
29.9.2023, 10:31:24 - DEBUG - Getting Toys | {"txt":""} 
29.9.2023, 10:31:24 - INFO - Req was made | / 
29.9.2023, 10:31:52 - INFO - Req was made | / 
29.9.2023, 10:31:52 - DEBUG - Getting Toys | {"txt":""} 
29.9.2023, 10:31:54 - INFO - Req was made | / 
29.9.2023, 10:31:54 - DEBUG - Getting Toys | {"txt":""} 
29.9.2023, 10:31:54 - INFO - Req was made | / 
29.9.2023, 10:31:54 - DEBUG - Getting Toys | {"txt":""} 
29.9.2023, 10:32:04 - INFO - Req was made | / 
29.9.2023, 10:32:04 - DEBUG - Getting Toys | {"txt":""} 
29.9.2023, 10:32:08 - INFO - Req was made | / 
29.9.2023, 10:32:08 - DEBUG - Getting Toys | {"txt":""} 
29.9.2023, 10:32:26 - DEBUG - Getting Toys | {"txt":""} 
29.9.2023, 10:32:26 - INFO - Req was made | / 
29.9.2023, 10:32:26 - INFO - Req was made | / 
29.9.2023, 10:32:26 - DEBUG - Getting Toys | {"txt":""} 
29.9.2023, 10:32:32 - INFO - Req was made | / 
29.9.2023, 10:32:32 - DEBUG - Getting Toys | {"txt":""} 
29.9.2023, 10:32:38 - INFO - Req was made | / 
29.9.2023, 10:32:38 - DEBUG - Getting Toys | {"txt":""} 
29.9.2023, 10:33:44 - INFO - Req was made | / 
29.9.2023, 10:33:44 - DEBUG - Getting Toys | {"txt":""} 
29.9.2023, 10:33:57 - INFO - Req was made | / 
29.9.2023, 10:33:57 - DEBUG - Getting Toys | {"txt":"bat"} 
29.9.2023, 10:33:58 - DEBUG - Getting Toys | {"txt":""} 
29.9.2023, 10:33:58 - INFO - Req was made | / 
29.9.2023, 10:34:01 - INFO - Req was made | / 
29.9.2023, 10:34:01 - DEBUG - Getting Toys | {"txt":"regex"} 
29.9.2023, 10:34:02 - INFO - Req was made | / 
29.9.2023, 10:34:02 - DEBUG - Getting Toys | {"txt":""} 
29.9.2023, 10:34:10 - INFO - Req was made | / 
29.9.2023, 10:34:10 - DEBUG - Getting Toys | {"txt":""} 
29.9.2023, 10:34:20 - INFO - Req was made | / 
29.9.2023, 10:34:20 - DEBUG - Getting Toys | {"txt":""} 
29.9.2023, 10:34:22 - INFO - Req was made | / 
29.9.2023, 10:34:22 - DEBUG - Getting Toys | {"txt":""} 
29.9.2023, 10:34:24 - INFO - Req was made | / 
29.9.2023, 10:34:24 - DEBUG - Getting Toys | {"txt":""} 
29.9.2023, 10:34:37 - INFO - Req was made | / 
29.9.2023, 10:34:37 - DEBUG - Getting Toys | {"txt":""} 
29.9.2023, 10:34:39 - INFO - Req was made | / 
29.9.2023, 10:34:39 - DEBUG - Getting Toys | {"txt":""} 
29.9.2023, 10:34:40 - INFO - Req was made | / 
29.9.2023, 10:34:40 - DEBUG - Getting Toys | {"txt":""} 
29.9.2023, 10:34:47 - DEBUG - Getting Toys | {"txt":""} 
29.9.2023, 10:34:47 - INFO - Req was made | / 
29.9.2023, 10:34:50 - INFO - Req was made | / 
29.9.2023, 10:34:50 - DEBUG - Getting Toys | {"txt":""} 
29.9.2023, 10:39:42 - INFO - Req was made | / 
29.9.2023, 10:39:42 - DEBUG - Getting Toys | {"txt":""} 
29.9.2023, 10:39:46 - INFO - Req was made | / 
29.9.2023, 10:39:46 - DEBUG - Getting Toys | {"txt":""} 
29.9.2023, 10:39:49 - DEBUG - Getting Toys | {"txt":"a"} 
29.9.2023, 10:39:49 - INFO - Req was made | / 
29.9.2023, 10:39:52 - INFO - Req was made | / 
29.9.2023, 10:39:52 - DEBUG - Getting Toys | {"txt":""} 
29.9.2023, 10:40:02 - DEBUG - Getting Toys | {"txt":""} 
29.9.2023, 10:40:02 - INFO - Req was made | / 
29.9.2023, 10:40:09 - INFO - Req was made | / 
29.9.2023, 10:40:09 - DEBUG - Getting Toys | {"txt":""} 
29.9.2023, 10:40:10 - INFO - Req was made | / 
29.9.2023, 10:40:10 - DEBUG - Getting Toys | {"txt":""} 
29.9.2023, 10:40:13 - INFO - Req was made | / 
29.9.2023, 10:40:13 - DEBUG - Getting Toys | {"txt":""} 
29.9.2023, 10:42:26 - INFO - Req was made | / 
29.9.2023, 10:42:26 - DEBUG - Getting Toys | {"txt":""} 
29.9.2023, 10:42:29 - INFO - Req was made | / 
29.9.2023, 10:42:29 - DEBUG - Getting Toys | {"txt":"a"} 
29.9.2023, 10:42:36 - INFO - Req was made | / 
29.9.2023, 10:42:36 - DEBUG - Getting Toys | {"txt":"a"} 
29.9.2023, 10:42:40 - DEBUG - Getting Toys | {"txt":"a"} 
29.9.2023, 10:42:40 - INFO - Req was made | / 
29.9.2023, 10:42:44 - DEBUG - Getting Toys | {"txt":""} 
29.9.2023, 10:42:44 - INFO - Req was made | / 
29.9.2023, 10:42:55 - INFO - Req was made | / 
29.9.2023, 10:42:55 - DEBUG - Getting Toys | {"txt":""} 
29.9.2023, 10:43:03 - INFO - Req was made | / 
29.9.2023, 10:43:03 - DEBUG - Getting Toys | {"txt":""} 
29.9.2023, 10:43:05 - INFO - Req was made | / 
29.9.2023, 10:43:05 - DEBUG - Getting Toys | {"txt":""} 
29.9.2023, 10:43:10 - INFO - Req was made | / 
29.9.2023, 10:43:10 - DEBUG - Getting Toys | {"txt":"a"} 
29.9.2023, 10:43:12 - INFO - Req was made | / 
29.9.2023, 10:43:12 - DEBUG - Getting Toys | {"txt":"aa"} 
29.9.2023, 10:43:13 - INFO - Req was made | / 
29.9.2023, 10:43:13 - DEBUG - Getting Toys | {"txt":""} 
29.9.2023, 10:43:14 - INFO - Req was made | / 
29.9.2023, 10:43:14 - DEBUG - Getting Toys | {"txt":"sky"} 
29.9.2023, 10:43:16 - INFO - Req was made | / 
29.9.2023, 10:43:16 - DEBUG - Getting Toys | {"txt":""} 
29.9.2023, 10:43:55 - DEBUG - Getting Toys | {"txt":""} 
29.9.2023, 10:43:55 - INFO - Req was made | / 
29.9.2023, 10:43:57 - INFO - Req was made | / 
29.9.2023, 10:43:57 - DEBUG - Getting Toys | {"txt":""} 
29.9.2023, 10:44:02 - INFO - Req was made | / 
29.9.2023, 10:44:02 - DEBUG - Getting Toys | {"txt":"a"} 
29.9.2023, 10:44:20 - INFO - Req was made | / 
29.9.2023, 10:44:20 - DEBUG - Getting Toys | {"txt":""} 
29.9.2023, 10:44:22 - INFO - Req was made | / 
29.9.2023, 10:44:22 - DEBUG - Getting Toys | {"txt":""} 
29.9.2023, 10:44:30 - INFO - Req was made | / 
29.9.2023, 10:44:30 - DEBUG - Getting Toys | {"txt":""} 
29.9.2023, 10:44:32 - INFO - Req was made | / 
29.9.2023, 10:44:32 - DEBUG - Getting Toys | {"txt":"sky"} 
29.9.2023, 10:44:34 - DEBUG - Getting Toys | {"txt":""} 
29.9.2023, 10:44:34 - INFO - Req was made | / 
29.9.2023, 10:44:35 - INFO - Req was made | / 
29.9.2023, 10:44:35 - DEBUG - Getting Toys | {"txt":"aaa"} 
29.9.2023, 10:44:37 - INFO - Req was made | / 
29.9.2023, 10:44:37 - DEBUG - Getting Toys | {"txt":""} 
29.9.2023, 10:44:38 - INFO - Req was made | / 
29.9.2023, 10:44:38 - DEBUG - Getting Toys | {"txt":"aa"} 
29.9.2023, 10:44:39 - INFO - Req was made | / 
29.9.2023, 10:44:39 - DEBUG - Getting Toys | {"txt":"boo"} 
29.9.2023, 10:44:41 - INFO - Req was made | / 
29.9.2023, 10:44:41 - DEBUG - Getting Toys | {"txt":""} 
29.9.2023, 10:45:05 - INFO - Req was made | / 
29.9.2023, 10:45:05 - DEBUG - Getting Toys | {"txt":""} 
29.9.2023, 10:45:13 - INFO - Req was made | / 
29.9.2023, 10:45:13 - DEBUG - Getting Toys | {"txt":""} 
29.9.2023, 10:46:06 - INFO - Req was made | / 
29.9.2023, 10:46:06 - DEBUG - Getting Toys | {"txt":""} 
29.9.2023, 10:46:09 - INFO - Req was made | / 
29.9.2023, 10:46:09 - DEBUG - Getting Toys | {"txt":"nissanb"} 
29.9.2023, 10:46:10 - INFO - Req was made | / 
29.9.2023, 10:46:10 - DEBUG - Getting Toys | {"txt":"nissan"} 
29.9.2023, 10:46:12 - INFO - Req was made | / 
29.9.2023, 10:46:12 - DEBUG - Getting Toys | {"txt":""} 
29.9.2023, 10:46:14 - INFO - Req was made | / 
29.9.2023, 10:46:14 - DEBUG - Getting Toys | {"txt":""} 
29.9.2023, 10:46:52 - INFO - Req was made | / 
29.9.2023, 10:46:52 - DEBUG - Getting Toys | {"txt":"niss"} 
29.9.2023, 10:46:54 - INFO - Req was made | / 
29.9.2023, 10:46:54 - DEBUG - Getting Toys | {"txt":""} 
29.9.2023, 10:46:56 - INFO - Req was made | / 
29.9.2023, 10:46:56 - DEBUG - Getting Toys | {"txt":""} 
29.9.2023, 10:47:49 - INFO - server.js loaded... 
29.9.2023, 10:47:49 - INFO - Server is running on port: 3030 
29.9.2023, 10:47:53 - INFO - Req was made | / 
29.9.2023, 10:47:53 - DEBUG - Getting Toys | {"txt":"true"} 
29.9.2023, 10:47:55 - DEBUG - Getting Toys | {"txt":"true"} 
29.9.2023, 10:47:55 - INFO - Req was made | / 
29.9.2023, 10:48:03 - INFO - Req was made | / 
29.9.2023, 10:48:03 - DEBUG - Getting Toys | {"txt":"true"} 
29.9.2023, 10:48:05 - DEBUG - Getting Toys | {"txt":""} 
29.9.2023, 10:48:05 - INFO - Req was made | / 
29.9.2023, 10:48:07 - DEBUG - Getting Toys | {"txt":""} 
29.9.2023, 10:48:07 - INFO - Req was made | / 
29.9.2023, 10:48:08 - INFO - Req was made | / 
29.9.2023, 10:48:08 - DEBUG - Getting Toys | {"txt":""} 
29.9.2023, 10:48:09 - DEBUG - Getting Toys | {"txt":""} 
29.9.2023, 10:48:09 - INFO - Req was made | / 
29.9.2023, 10:48:12 - INFO - Req was made | / 
29.9.2023, 10:48:12 - DEBUG - Getting Toys | {"txt":""} 
29.9.2023, 10:48:16 - INFO - Req was made | / 
29.9.2023, 10:48:16 - DEBUG - Getting Toys | {"txt":""} 
29.9.2023, 10:48:20 - INFO - Req was made | / 
29.9.2023, 10:48:20 - DEBUG - Getting Toys | {"txt":""} 
29.9.2023, 10:49:02 - INFO - server.js loaded... 
29.9.2023, 10:49:02 - INFO - Server is running on port: 3030 
29.9.2023, 10:49:04 - INFO - Req was made | / 
29.9.2023, 10:49:04 - DEBUG - Getting Toys | {"txt":"","sortBy":"","inStock":""} 
29.9.2023, 10:49:06 - INFO - Req was made | / 
29.9.2023, 10:49:06 - DEBUG - Getting Toys | {"txt":"bat","sortBy":"","inStock":""} 
29.9.2023, 10:49:07 - INFO - Req was made | / 
29.9.2023, 10:49:07 - DEBUG - Getting Toys | {"txt":"","sortBy":"","inStock":""} 
29.9.2023, 10:49:11 - INFO - Req was made | / 
29.9.2023, 10:49:11 - DEBUG - Getting Toys | {"txt":"","sortBy":"alphabet","inStock":""} 
29.9.2023, 10:49:18 - DEBUG - Getting Toys | {"txt":"bat","sortBy":"alphabet","inStock":""} 
29.9.2023, 10:49:18 - INFO - Req was made | / 
29.9.2023, 10:49:19 - INFO - Req was made | / 
29.9.2023, 10:49:19 - DEBUG - Getting Toys | {"txt":"","sortBy":"alphabet","inStock":""} 
29.9.2023, 10:49:21 - INFO - Req was made | / 
29.9.2023, 10:49:21 - DEBUG - Getting Toys | {"txt":"","sortBy":"alphabet","inStock":"true"} 
29.9.2023, 10:50:45 - INFO - server.js loaded... 
29.9.2023, 10:50:45 - INFO - Server is running on port: 3030 
29.9.2023, 10:50:47 - INFO - Req was made | / 
29.9.2023, 10:50:47 - DEBUG - Getting Toys | {"txt":"a","sortBy":"alphabet","inStock":"true"} 
29.9.2023, 10:59:38 - INFO - server.js loaded... 
29.9.2023, 10:59:38 - INFO - Server is running on port: 3030 
29.9.2023, 11:01:23 - INFO - Req was made | / 
29.9.2023, 11:01:23 - DEBUG - Getting Toys | {"txt":"a","sortBy":"alphabet","inStock":"true"} 
29.9.2023, 11:01:31 - INFO - Req was made | / 
29.9.2023, 11:01:31 - DEBUG - Getting Toys | {"txt":"a","sortBy":"alphabet","inStock":"true"} 
29.9.2023, 11:04:49 - INFO - Req was made | / 
29.9.2023, 11:04:49 - DEBUG - Getting Toys | {"txt":"a","sortBy":"alphabet","inStock":"true"} 
29.9.2023, 11:04:53 - INFO - Req was made | / 
29.9.2023, 11:04:53 - DEBUG - Getting Toys | {"txt":"a","sortBy":"alphabet","inStock":"true"} 
29.9.2023, 11:05:38 - INFO - server.js loaded... 
29.9.2023, 11:05:38 - INFO - Server is running on port: 3030 
29.9.2023, 11:05:42 - DEBUG - Getting Toys | {"txt":"a","sortBy":"alphabet","inStock":"true","isDesc":"false"} 
29.9.2023, 11:05:42 - INFO - Req was made | / 
29.9.2023, 11:05:45 - INFO - Req was made | / 
29.9.2023, 11:05:45 - DEBUG - Getting Toys | {"txt":"a","sortBy":"alphabet","inStock":"true","isDesc":"true"} 
29.9.2023, 12:15:57 - INFO - server.js loaded... 
29.9.2023, 12:15:57 - INFO - Server is running on port: 3030 
29.9.2023, 12:16:15 - INFO - server.js loaded... 
29.9.2023, 12:16:15 - INFO - Server is running on port: 3030 
29.9.2023, 12:16:23 - INFO - Req was made | / 
29.9.2023, 12:16:23 - DEBUG - Getting Toys | {"txt":"aa","sortBy":"alphabet","inStock":"true","isDesc":"true"} 
29.9.2023, 12:16:25 - INFO - Req was made | / 
29.9.2023, 12:16:25 - DEBUG - Getting Toys | {"txt":"a","sortBy":"alphabet","inStock":"true","isDesc":"true"} 
29.9.2023, 12:18:02 - INFO - server.js loaded... 
29.9.2023, 12:18:02 - INFO - Server is running on port: 3030 
29.9.2023, 12:18:55 - INFO - server.js loaded... 
29.9.2023, 12:18:55 - INFO - Server is running on port: 3030 
29.9.2023, 12:19:01 - INFO - Req was made | / 
29.9.2023, 12:19:01 - DEBUG - Getting Toys | {"txt":"","sortBy":"alphabet","inStock":"true","isDesc":"true"} 
29.9.2023, 12:19:02 - DEBUG - Getting Toys | {"txt":"","sortBy":"alphabet","inStock":"none","isDesc":"true"} 
29.9.2023, 12:19:02 - INFO - Req was made | / 
29.9.2023, 12:19:04 - INFO - Req was made | / 
29.9.2023, 12:19:04 - DEBUG - Getting Toys | {"txt":"","sortBy":"alphabet","inStock":"none","isDesc":"false"} 
29.9.2023, 12:19:06 - INFO - Req was made | / 
29.9.2023, 12:19:06 - DEBUG - Getting Toys | {"txt":"","sortBy":"","inStock":"","isDesc":false} 
29.9.2023, 12:19:08 - INFO - Req was made | / 
29.9.2023, 12:19:08 - DEBUG - Getting Toys | {"txt":"","sortBy":"alphabet","inStock":"","isDesc":false} 
29.9.2023, 12:19:10 - INFO - Req was made | / 
29.9.2023, 12:19:10 - DEBUG - Getting Toys | {"txt":"","sortBy":"none","inStock":"","isDesc":false} 
29.9.2023, 12:19:33 - INFO - server.js loaded... 
29.9.2023, 12:19:33 - INFO - Server is running on port: 3030 
29.9.2023, 12:19:35 - INFO - Req was made | / 
29.9.2023, 12:19:35 - DEBUG - Getting Toys | {"txt":"","sortBy":"","inStock":"","isDesc":false} 
29.9.2023, 12:20:01 - INFO - server.js loaded... 
29.9.2023, 12:20:02 - INFO - Server is running on port: 3030 
29.9.2023, 12:21:31 - INFO - server.js loaded... 
29.9.2023, 12:21:31 - INFO - Server is running on port: 3030 
29.9.2023, 12:21:34 - INFO - Req was made | / 
29.9.2023, 12:21:34 - DEBUG - Getting Toys | {"txt":"","sortBy":"","inStock":"","isDesc":false} 
29.9.2023, 12:22:10 - INFO - server.js loaded... 
29.9.2023, 12:22:10 - INFO - Server is running on port: 3030 
29.9.2023, 12:22:12 - INFO - Req was made | / 
29.9.2023, 12:22:12 - DEBUG - Getting Toys | {"txt":"","sortBy":"","inStock":"","isDesc":false} 
29.9.2023, 12:23:12 - INFO - Req was made | / 
29.9.2023, 12:23:12 - DEBUG - Getting Toys | {"txt":"","sortBy":"","inStock":"","isDesc":false} 
29.9.2023, 12:23:16 - INFO - server.js loaded... 
29.9.2023, 12:23:16 - INFO - Server is running on port: 3030 
29.9.2023, 12:23:18 - INFO - Req was made | / 
29.9.2023, 12:23:18 - DEBUG - Getting Toys | {"txt":"","sortBy":"","inStock":"","isDesc":false} 
29.9.2023, 12:25:51 - INFO - server.js loaded... 
29.9.2023, 12:25:51 - INFO - Server is running on port: 3030 
29.9.2023, 12:28:06 - INFO - server.js loaded... 
29.9.2023, 12:28:06 - INFO - Server is running on port: 3030 
29.9.2023, 12:28:08 - INFO - Req was made | / 
29.9.2023, 12:28:08 - DEBUG - Getting Toys | {"txt":"","sortBy":"","inStock":"","isDesc":false} 
29.9.2023, 12:28:10 - INFO - Req was made | / 
29.9.2023, 12:28:10 - DEBUG - Getting Toys | {"txt":"","sortBy":"","inStock":"","isDesc":false} 
29.9.2023, 12:28:11 - INFO - Req was made | / 
29.9.2023, 12:28:11 - DEBUG - Getting Toys | {"txt":"","sortBy":"","inStock":"","isDesc":false} 
29.9.2023, 12:28:12 - INFO - Req was made | / 
29.9.2023, 12:28:12 - DEBUG - Getting Toys | {"txt":"","sortBy":"","inStock":"","isDesc":false} 
29.9.2023, 12:30:12 - INFO - server.js loaded... 
29.9.2023, 12:30:12 - INFO - Server is running on port: 3030 
29.9.2023, 12:30:17 - INFO - Req was made | / 
29.9.2023, 12:30:17 - DEBUG - Getting Toys | {"txt":"","sortBy":"","inStock":"","isDesc":false} 
29.9.2023, 12:31:23 - INFO - server.js loaded... 
29.9.2023, 12:31:23 - INFO - Server is running on port: 3030 
29.9.2023, 12:31:25 - INFO - Req was made | / 
29.9.2023, 12:31:25 - DEBUG - Getting Toys | {"txt":"","sortBy":"","inStock":"","isDesc":false} 
29.9.2023, 12:31:25 - ERROR - cannot find toys | MongoError: $meta is the only expression supported by $sort right now 
29.9.2023, 12:31:25 - ERROR - Failed to get toys | MongoError: $meta is the only expression supported by $sort right now 
29.9.2023, 12:32:08 - INFO - server.js loaded... 
29.9.2023, 12:32:08 - INFO - Server is running on port: 3030 
29.9.2023, 12:32:14 - INFO - Req was made | / 
29.9.2023, 12:32:14 - DEBUG - Getting Toys | {"txt":"","sortBy":"","inStock":"","isDesc":false} 
29.9.2023, 12:32:14 - ERROR - cannot find toys | MongoError: $meta is the only expression supported by $sort right now 
29.9.2023, 12:32:14 - ERROR - Failed to get toys | MongoError: $meta is the only expression supported by $sort right now 
29.9.2023, 12:32:48 - INFO - server.js loaded... 
29.9.2023, 12:32:48 - INFO - Server is running on port: 3030 
29.9.2023, 12:32:53 - INFO - Req was made | / 
29.9.2023, 12:32:53 - DEBUG - Getting Toys | {"txt":"","sortBy":"","inStock":"","isDesc":false} 
29.9.2023, 12:32:53 - ERROR - cannot find toys | MongoError: $meta is the only expression supported by $sort right now 
29.9.2023, 12:32:53 - ERROR - Failed to get toys | MongoError: $meta is the only expression supported by $sort right now 
29.9.2023, 12:33:47 - INFO - server.js loaded... 
29.9.2023, 12:33:47 - INFO - Server is running on port: 3030 
29.9.2023, 12:33:52 - DEBUG - Getting Toys | {"txt":"","sortBy":"","inStock":"","isDesc":false} 
29.9.2023, 12:33:52 - INFO - Req was made | / 
29.9.2023, 12:33:52 - ERROR - cannot find toys | MongoError: $meta is the only expression supported by $sort right now 
29.9.2023, 12:33:52 - ERROR - Failed to get toys | MongoError: $meta is the only expression supported by $sort right now 
29.9.2023, 12:34:27 - INFO - server.js loaded... 
29.9.2023, 12:34:27 - INFO - Server is running on port: 3030 
29.9.2023, 12:35:22 - INFO - server.js loaded... 
29.9.2023, 12:35:22 - INFO - Server is running on port: 3030 
29.9.2023, 12:35:59 - INFO - Req was made | / 
29.9.2023, 12:35:59 - DEBUG - Getting Toys | {"txt":"","sortBy":"","inStock":"","isDesc":false} 
29.9.2023, 12:36:03 - INFO - Req was made | / 
29.9.2023, 12:36:03 - DEBUG - Getting Toys | {"txt":"","sortBy":"alphabet","inStock":"","isDesc":false} 
29.9.2023, 12:36:05 - INFO - Req was made | / 
29.9.2023, 12:36:05 - DEBUG - Getting Toys | {"txt":"","sortBy":"alphabet","inStock":"","isDesc":"true"} 
29.9.2023, 12:36:06 - DEBUG - Getting Toys | {"txt":"","sortBy":"alphabet","inStock":"","isDesc":"false"} 
29.9.2023, 12:36:06 - INFO - Req was made | / 
29.9.2023, 12:38:56 - INFO - server.js loaded... 
29.9.2023, 12:38:56 - INFO - Server is running on port: 3030 
29.9.2023, 12:38:59 - INFO - Req was made | / 
29.9.2023, 12:38:59 - DEBUG - Getting Toys | {"txt":"","sortBy":"","inStock":"","isDesc":false} 
29.9.2023, 12:39:01 - INFO - Req was made | / 
29.9.2023, 12:39:01 - DEBUG - Getting Toys | {"txt":"","sortBy":"","inStock":"","isDesc":"true"} 
29.9.2023, 12:39:05 - DEBUG - Getting Toys | {"txt":"","sortBy":"","inStock":"","isDesc":"false"} 
29.9.2023, 12:39:05 - INFO - Req was made | / 
29.9.2023, 12:39:09 - INFO - Req was made | / 
29.9.2023, 12:39:09 - DEBUG - Getting Toys | {"txt":"","sortBy":"alphabet","inStock":"","isDesc":"false"} 
29.9.2023, 12:39:12 - INFO - Req was made | / 
29.9.2023, 12:39:12 - DEBUG - Getting Toys | {"txt":"","sortBy":"alphabet","inStock":"","isDesc":"true"} 
29.9.2023, 12:39:14 - INFO - Req was made | / 
29.9.2023, 12:39:14 - DEBUG - Getting Toys | {"txt":"","sortBy":"alphabet","inStock":"","isDesc":"false"} 
29.9.2023, 12:39:22 - INFO - Req was made | / 
29.9.2023, 12:39:22 - DEBUG - Getting Toys | {"txt":"","sortBy":"","inStock":"","isDesc":false} 
29.9.2023, 12:39:25 - DEBUG - Getting Toys | {"txt":"","sortBy":"alphabet","inStock":"","isDesc":false} 
29.9.2023, 12:39:25 - INFO - Req was made | / 
29.9.2023, 12:39:28 - INFO - Req was made | / 
29.9.2023, 12:39:28 - DEBUG - Getting Toys | {"txt":"","sortBy":"alphabet","inStock":"","isDesc":"true"} 
29.9.2023, 12:39:30 - INFO - Req was made | / 
29.9.2023, 12:39:30 - DEBUG - Getting Toys | {"txt":"","sortBy":"alphabet","inStock":"","isDesc":"false"} 
29.9.2023, 12:39:50 - INFO - server.js loaded... 
29.9.2023, 12:39:50 - INFO - Server is running on port: 3030 
29.9.2023, 12:39:52 - INFO - Req was made | / 
29.9.2023, 12:39:52 - DEBUG - Getting Toys | {"txt":"","sortBy":"","inStock":"","isDesc":false} 
29.9.2023, 12:39:54 - INFO - Req was made | / 
29.9.2023, 12:39:54 - DEBUG - Getting Toys | {"txt":"","sortBy":"","inStock":"","isDesc":"true"} 
29.9.2023, 12:39:56 - INFO - Req was made | / 
29.9.2023, 12:39:56 - DEBUG - Getting Toys | {"txt":"","sortBy":"","inStock":"","isDesc":"false"} 
29.9.2023, 12:40:02 - INFO - server.js loaded... 
29.9.2023, 12:40:02 - INFO - Server is running on port: 3030 
29.9.2023, 12:40:03 - INFO - Req was made | / 
29.9.2023, 12:40:03 - DEBUG - Getting Toys | {"txt":"","sortBy":"","inStock":"","isDesc":false} 
29.9.2023, 12:40:05 - INFO - Req was made | / 
29.9.2023, 12:40:05 - DEBUG - Getting Toys | {"txt":"","sortBy":"alphabet","inStock":"","isDesc":false} 
29.9.2023, 12:40:06 - INFO - Req was made | / 
29.9.2023, 12:40:06 - DEBUG - Getting Toys | {"txt":"","sortBy":"alphabet","inStock":"","isDesc":"true"} 
29.9.2023, 12:40:08 - INFO - Req was made | / 
29.9.2023, 12:40:08 - DEBUG - Getting Toys | {"txt":"","sortBy":"alphabet","inStock":"","isDesc":"false"} 
29.9.2023, 12:40:10 - INFO - Req was made | / 
29.9.2023, 12:40:10 - DEBUG - Getting Toys | {"txt":"","sortBy":"price","inStock":"","isDesc":"false"} 
29.9.2023, 12:40:58 - INFO - server.js loaded... 
29.9.2023, 12:40:58 - INFO - Server is running on port: 3030 
29.9.2023, 12:41:01 - INFO - Req was made | / 
29.9.2023, 12:41:01 - DEBUG - Getting Toys | {"txt":"","sortBy":"","inStock":"","isDesc":false} 
29.9.2023, 12:41:01 - ERROR - cannot find toys | MongoError: FieldPath cannot be constructed with empty string 
29.9.2023, 12:41:01 - ERROR - Failed to get toys | MongoError: FieldPath cannot be constructed with empty string 
29.9.2023, 12:42:08 - INFO - server.js loaded... 
29.9.2023, 12:42:08 - INFO - Server is running on port: 3030 
29.9.2023, 12:42:16 - INFO - Req was made | / 
29.9.2023, 12:42:16 - DEBUG - Getting Toys | {"txt":"","sortBy":"","inStock":"","isDesc":false} 
29.9.2023, 12:42:16 - ERROR - cannot find toys | MongoError: FieldPath cannot be constructed with empty string 
29.9.2023, 12:42:16 - ERROR - Failed to get toys | MongoError: FieldPath cannot be constructed with empty string 
29.9.2023, 12:42:47 - INFO - server.js loaded... 
29.9.2023, 12:42:47 - INFO - Server is running on port: 3030 
29.9.2023, 12:42:49 - INFO - Req was made | / 
29.9.2023, 12:42:49 - DEBUG - Getting Toys | {"txt":"","sortBy":"","inStock":"","isDesc":false} 
29.9.2023, 12:42:49 - ERROR - cannot find toys | MongoError: FieldPath cannot be constructed with empty string 
29.9.2023, 12:42:49 - ERROR - Failed to get toys | MongoError: FieldPath cannot be constructed with empty string 
29.9.2023, 12:43:44 - INFO - server.js loaded... 
29.9.2023, 12:43:44 - INFO - Server is running on port: 3030 
29.9.2023, 12:43:47 - INFO - Req was made | / 
29.9.2023, 12:43:47 - DEBUG - Getting Toys | {"txt":"","sortBy":"","inStock":"","isDesc":false} 
29.9.2023, 12:43:47 - ERROR - cannot find toys | MongoError: Illegal key in $sort specification: : "" 
29.9.2023, 12:43:47 - ERROR - Failed to get toys | MongoError: Illegal key in $sort specification: : "" 
29.9.2023, 12:43:57 - INFO - server.js loaded... 
29.9.2023, 12:43:57 - INFO - Server is running on port: 3030 
29.9.2023, 12:43:59 - INFO - Req was made | / 
29.9.2023, 12:43:59 - DEBUG - Getting Toys | {"txt":"","sortBy":"","inStock":"","isDesc":false} 
29.9.2023, 12:43:59 - ERROR - cannot find toys | MongoError: FieldPath cannot be constructed with empty string 
29.9.2023, 12:43:59 - ERROR - Failed to get toys | MongoError: FieldPath cannot be constructed with empty string 
29.9.2023, 12:46:53 - INFO - server.js loaded... 
29.9.2023, 12:46:53 - INFO - Server is running on port: 3030 
29.9.2023, 12:46:57 - INFO - Req was made | / 
29.9.2023, 12:46:57 - DEBUG - Getting Toys | {"txt":"","sortBy":"","inStock":"","isDesc":false} 
29.9.2023, 12:47:02 - INFO - Req was made | / 
29.9.2023, 12:47:02 - DEBUG - Getting Toys | {"txt":"","sortBy":"alphabet","inStock":"","isDesc":false} 
29.9.2023, 12:47:04 - INFO - Req was made | / 
29.9.2023, 12:47:04 - DEBUG - Getting Toys | {"txt":"","sortBy":"alphabet","inStock":"","isDesc":"true"} 
29.9.2023, 12:47:05 - INFO - Req was made | / 
29.9.2023, 12:47:05 - DEBUG - Getting Toys | {"txt":"","sortBy":"alphabet","inStock":"","isDesc":"false"} 
29.9.2023, 12:47:31 - INFO - Req was made | / 
29.9.2023, 12:47:31 - DEBUG - Getting Toys | {"txt":"","sortBy":"","inStock":"","isDesc":false} 
29.9.2023, 12:47:34 - INFO - Req was made | / 
29.9.2023, 12:47:34 - DEBUG - Getting Toys | {"txt":"","sortBy":"alphabet","inStock":"","isDesc":false} 
29.9.2023, 12:48:36 - INFO - server.js loaded... 
29.9.2023, 12:48:36 - INFO - Server is running on port: 3030 
29.9.2023, 12:48:39 - INFO - Req was made | / 
29.9.2023, 12:48:39 - DEBUG - Getting Toys | {"txt":"","sortBy":"","inStock":"","isDesc":false} 
29.9.2023, 12:48:41 - INFO - Req was made | / 
29.9.2023, 12:48:41 - DEBUG - Getting Toys | {"txt":"","sortBy":"price","inStock":"","isDesc":false} 
29.9.2023, 12:48:44 - DEBUG - Getting Toys | {"txt":"","sortBy":"price","inStock":"","isDesc":"true"} 
29.9.2023, 12:48:44 - INFO - Req was made | / 
29.9.2023, 12:48:45 - INFO - Req was made | / 
29.9.2023, 12:48:45 - DEBUG - Getting Toys | {"txt":"","sortBy":"price","inStock":"","isDesc":"false"} 
29.9.2023, 12:48:47 - INFO - Req was made | / 
29.9.2023, 12:48:47 - DEBUG - Getting Toys | {"txt":"","sortBy":"price","inStock":"","isDesc":"true"} 
29.9.2023, 12:48:48 - INFO - Req was made | / 
29.9.2023, 12:48:48 - DEBUG - Getting Toys | {"txt":"","sortBy":"price","inStock":"","isDesc":"false"} 
29.9.2023, 12:48:56 - INFO - server.js loaded... 
29.9.2023, 12:48:56 - INFO - Server is running on port: 3030 
29.9.2023, 12:49:00 - INFO - Req was made | / 
29.9.2023, 12:49:00 - DEBUG - Getting Toys | {"txt":"","sortBy":"price","inStock":"true","isDesc":"false"} 
29.9.2023, 12:50:53 - INFO - Req was made | / 
29.9.2023, 12:50:53 - DEBUG - Getting Toys | {"txt":"","sortBy":"price","inStock":"none","isDesc":"false"} 
29.9.2023, 12:53:24 - INFO - server.js loaded... 
29.9.2023, 12:53:24 - INFO - Server is running on port: 3030 
29.9.2023, 12:53:28 - INFO - server.js loaded... 
29.9.2023, 12:53:28 - INFO - Server is running on port: 3030 
29.9.2023, 12:53:30 - INFO - Req was made | / 
29.9.2023, 12:53:30 - DEBUG - Getting Toys | {"txt":"","sortBy":"","inStock":"","isDesc":false} 
29.9.2023, 13:16:26 - INFO - Server is running on port: 3030 
29.9.2023, 13:16:26 - INFO - server.js loaded... 
29.9.2023, 13:16:30 - INFO - Req was made | / 
29.9.2023, 13:16:30 - DEBUG - Getting Toys | {"txt":"","sortBy":"","inStock":"","isDesc":false} 
29.9.2023, 13:16:33 - INFO - Req was made | / 
29.9.2023, 13:16:33 - DEBUG - Getting Toys | {"txt":"","sortBy":"","inStock":"","isDesc":false} 
29.9.2023, 13:16:51 - INFO - server.js loaded... 
29.9.2023, 13:16:51 - INFO - Server is running on port: 3030 
29.9.2023, 13:16:54 - INFO - Req was made | / 
29.9.2023, 13:16:54 - DEBUG - Getting Toys | {"txt":"","sortBy":"","inStock":"","isDesc":false} 
29.9.2023, 13:17:01 - INFO - Req was made | / 
29.9.2023, 13:17:01 - DEBUG - Getting Toys | {"txt":"","sortBy":"","inStock":"true","isDesc":false} 
29.9.2023, 13:17:52 - INFO - Req was made | / 
29.9.2023, 13:17:52 - DEBUG - Getting Toys | {"txt":"","sortBy":"","inStock":"none","isDesc":false} 
29.9.2023, 13:18:26 - INFO - Req was made | / 
29.9.2023, 13:18:26 - DEBUG - Getting Toys | {"txt":"","sortBy":"","inStock":"","isDesc":false} 
29.9.2023, 13:18:30 - INFO - Req was made | / 
29.9.2023, 13:18:30 - DEBUG - Getting Toys | {"txt":"","sortBy":"","inStock":"true","isDesc":false} 
29.9.2023, 13:18:32 - INFO - Req was made | / 
29.9.2023, 13:18:32 - DEBUG - Getting Toys | {"txt":"","sortBy":"","inStock":"","isDesc":false} 
29.9.2023, 13:18:37 - INFO - server.js loaded... 
29.9.2023, 13:18:37 - INFO - Server is running on port: 3030 
29.9.2023, 13:19:13 - INFO - server.js loaded... 
29.9.2023, 13:19:13 - INFO - Server is running on port: 3030 
29.9.2023, 13:19:16 - INFO - Req was made | / 
29.9.2023, 13:19:16 - DEBUG - Getting Toys | {"txt":"","sortBy":"","inStock":"true","isDesc":false} 
29.9.2023, 13:20:36 - INFO - server.js loaded... 
29.9.2023, 13:20:36 - INFO - Server is running on port: 3030 
29.9.2023, 13:20:40 - INFO - Req was made | / 
29.9.2023, 13:20:40 - DEBUG - Getting Toys | {"txt":"","sortBy":"","inStock":"false","isDesc":false} 
29.9.2023, 13:20:43 - INFO - Req was made | / 
29.9.2023, 13:20:43 - DEBUG - Getting Toys | {"txt":"","sortBy":"","inStock":"true","isDesc":false} 
29.9.2023, 13:20:48 - INFO - Req was made | / 
29.9.2023, 13:20:48 - DEBUG - Getting Toys | {"txt":"","sortBy":"","inStock":"false","isDesc":false} 
29.9.2023, 13:20:50 - INFO - Req was made | / 
29.9.2023, 13:20:50 - DEBUG - Getting Toys | {"txt":"","sortBy":"","inStock":"","isDesc":false} 
29.9.2023, 13:21:00 - INFO - Req was made | / 
29.9.2023, 13:21:00 - DEBUG - Getting Toys | {"txt":"","sortBy":"","inStock":"true","isDesc":false} 
29.9.2023, 13:21:01 - INFO - Req was made | / 
29.9.2023, 13:21:01 - DEBUG - Getting Toys | {"txt":"","sortBy":"","inStock":"true","isDesc":"true"} 
29.9.2023, 13:21:03 - INFO - Req was made | / 
29.9.2023, 13:21:03 - DEBUG - Getting Toys | {"txt":"","sortBy":"","inStock":"true","isDesc":"false"} 
29.9.2023, 13:21:05 - INFO - Req was made | / 
29.9.2023, 13:21:05 - DEBUG - Getting Toys | {"txt":"","sortBy":"alphabet","inStock":"true","isDesc":"false"} 
29.9.2023, 13:21:07 - INFO - Req was made | / 
29.9.2023, 13:21:07 - DEBUG - Getting Toys | {"txt":"","sortBy":"alphabet","inStock":"true","isDesc":"true"} 
29.9.2023, 13:21:15 - INFO - Req was made | / 
29.9.2023, 13:21:15 - DEBUG - Getting Toys | {"txt":"","sortBy":"alphabet","inStock":"true","isDesc":"false"} 
29.9.2023, 13:21:22 - INFO - Req was made | / 
29.9.2023, 13:21:22 - DEBUG - Getting Toys | {"txt":"","sortBy":"alphabet","inStock":"true","isDesc":"true"} 
29.9.2023, 13:21:25 - INFO - Req was made | / 
29.9.2023, 13:21:25 - DEBUG - Getting Toys | {"txt":"","sortBy":"alphabet","inStock":"true","isDesc":"false"} 
29.9.2023, 13:21:52 - DEBUG - Getting Toys | {"txt":"","sortBy":"alphabet","inStock":"","isDesc":"false"} 
29.9.2023, 13:21:52 - INFO - Req was made | / 
29.9.2023, 13:21:55 - INFO - Req was made | / 
29.9.2023, 13:21:55 - DEBUG - Getting Toys | {"txt":"","sortBy":"price","inStock":"","isDesc":"false"} 
29.9.2023, 13:21:57 - DEBUG - Getting Toys | {"txt":"","sortBy":"price","inStock":"","isDesc":"true"} 
29.9.2023, 13:21:57 - INFO - Req was made | / 
29.9.2023, 13:21:59 - INFO - Req was made | / 
29.9.2023, 13:21:59 - DEBUG - Getting Toys | {"txt":"","sortBy":"price","inStock":"true","isDesc":"true"} 
29.9.2023, 13:23:46 - INFO - Req was made | / 
29.9.2023, 13:23:46 - DEBUG - Getting Toys | {"txt":"","sortBy":"price","inStock":"true","isDesc":"false"} 
29.9.2023, 13:23:55 - INFO - Req was made | / 
29.9.2023, 13:23:55 - DEBUG - Getting Toys | {"txt":"","sortBy":"price","inStock":"false","isDesc":"false"} 
29.9.2023, 13:23:59 - INFO - Req was made | / 
29.9.2023, 13:23:59 - DEBUG - Getting Toys | {"txt":"","sortBy":"none","inStock":"false","isDesc":"false"} 
29.9.2023, 13:24:02 - DEBUG - Getting Toys | {"txt":"","sortBy":"","inStock":"","isDesc":false} 
29.9.2023, 13:24:02 - INFO - Req was made | / 
29.9.2023, 13:24:06 - DEBUG - Getting Toys | {"txt":"","sortBy":"","inStock":"false","isDesc":false} 
29.9.2023, 13:24:06 - INFO - Req was made | / 
29.9.2023, 13:24:09 - INFO - Req was made | / 
29.9.2023, 13:24:09 - DEBUG - Getting Toys | {"txt":"","sortBy":"alphabet","inStock":"false","isDesc":false} 
29.9.2023, 13:24:11 - INFO - Req was made | / 
29.9.2023, 13:24:11 - DEBUG - Getting Toys | {"txt":"","sortBy":"alphabet","inStock":"false","isDesc":"true"} 
29.9.2023, 13:24:12 - DEBUG - Getting Toys | {"txt":"","sortBy":"alphabet","inStock":"false","isDesc":"false"} 
29.9.2023, 13:24:12 - INFO - Req was made | / 
29.9.2023, 13:24:14 - DEBUG - Getting Toys | {"txt":"","sortBy":"price","inStock":"false","isDesc":"false"} 
29.9.2023, 13:24:14 - INFO - Req was made | / 
29.9.2023, 13:24:20 - INFO - Req was made | / 
29.9.2023, 13:24:20 - DEBUG - Getting Toys | {"txt":"","sortBy":"price","inStock":"false","isDesc":"true"} 
29.9.2023, 13:24:23 - INFO - Req was made | / 
29.9.2023, 13:24:23 - DEBUG - Getting Toys | {"txt":"","sortBy":"price","inStock":"false","isDesc":"false"} 
29.9.2023, 13:24:27 - INFO - Req was made | / 
29.9.2023, 13:24:27 - DEBUG - Getting Toys | {"txt":"","sortBy":"price","inStock":"true","isDesc":"false"} 
29.9.2023, 13:24:34 - INFO - Req was made | / 
29.9.2023, 13:24:34 - DEBUG - Getting Toys | {"txt":"","sortBy":"","inStock":"","isDesc":false} 
29.9.2023, 13:24:38 - INFO - Req was made | / 
29.9.2023, 13:24:38 - DEBUG - Getting Toys | {"txt":"","sortBy":"","inStock":"false","isDesc":false} 
29.9.2023, 13:24:41 - INFO - Req was made | / 
29.9.2023, 13:24:41 - DEBUG - Getting Toys | {"txt":"","sortBy":"price","inStock":"false","isDesc":false} 
29.9.2023, 13:24:43 - INFO - Req was made | / 
29.9.2023, 13:24:43 - DEBUG - Getting Toys | {"txt":"","sortBy":"price","inStock":"false","isDesc":"true"} 
29.9.2023, 13:24:45 - INFO - Req was made | / 
29.9.2023, 13:24:45 - DEBUG - Getting Toys | {"txt":"","sortBy":"price","inStock":"false","isDesc":"false"} 
29.9.2023, 13:24:46 - INFO - Req was made | / 
29.9.2023, 13:24:46 - DEBUG - Getting Toys | {"txt":"","sortBy":"price","inStock":"true","isDesc":"false"} 
29.9.2023, 13:24:48 - INFO - Req was made | / 
29.9.2023, 13:24:48 - DEBUG - Getting Toys | {"txt":"","sortBy":"price","inStock":"true","isDesc":"true"} 
29.9.2023, 13:24:52 - DEBUG - Getting Toys | {"txt":"","sortBy":"price","inStock":"true","isDesc":"false"} 
29.9.2023, 13:24:52 - INFO - Req was made | / 
29.9.2023, 13:24:55 - INFO - Req was made | / 
29.9.2023, 13:24:55 - DEBUG - Getting Toys | {"txt":"","sortBy":"alphabet","inStock":"true","isDesc":"false"} 
29.9.2023, 13:24:56 - INFO - Req was made | / 
29.9.2023, 13:24:56 - DEBUG - Getting Toys | {"txt":"","sortBy":"alphabet","inStock":"true","isDesc":"true"} 
29.9.2023, 13:25:11 - INFO - Req was made | / 
29.9.2023, 13:25:11 - DEBUG - Getting Toys | {"txt":"","sortBy":"price","inStock":"true","isDesc":"true"} 
29.9.2023, 13:25:29 - INFO - Req was made | / 
29.9.2023, 13:25:29 - DEBUG - Getting Toys | {"txt":"bat","sortBy":"price","inStock":"true","isDesc":"true"} 
29.9.2023, 13:25:30 - INFO - Req was made | / 
29.9.2023, 13:25:30 - DEBUG - Getting Toys | {"txt":"","sortBy":"price","inStock":"true","isDesc":"true"} 
29.9.2023, 13:26:26 - INFO - server.js loaded... 
29.9.2023, 13:26:26 - INFO - Server is running on port: 3030 
29.9.2023, 13:26:28 - INFO - Req was made | / 
29.9.2023, 13:26:28 - DEBUG - Getting Toys | {"txt":"","sortBy":"","inStock":"","isDesc":false} 
29.9.2023, 13:26:28 - ERROR - cannot find toys | SyntaxError: Unexpected end of JSON input 
29.9.2023, 13:26:28 - ERROR - Failed to get toys | SyntaxError: Unexpected end of JSON input 
29.9.2023, 13:26:46 - INFO - server.js loaded... 
29.9.2023, 13:26:46 - INFO - Server is running on port: 3030 
29.9.2023, 13:26:48 - INFO - Req was made | / 
29.9.2023, 13:26:48 - DEBUG - Getting Toys | {"txt":"","sortBy":"","inStock":"","isDesc":false} 
29.9.2023, 13:27:05 - INFO - Req was made | / 
29.9.2023, 13:27:05 - DEBUG - Getting Toys | {"txt":"","sortBy":"","inStock":"true","isDesc":false} 
29.9.2023, 13:27:07 - INFO - Req was made | / 
29.9.2023, 13:27:07 - DEBUG - Getting Toys | {"txt":"","sortBy":"","inStock":"false","isDesc":false} 
29.9.2023, 13:27:09 - INFO - Req was made | / 
29.9.2023, 13:27:09 - DEBUG - Getting Toys | {"txt":"","sortBy":"","inStock":"","isDesc":false} 
29.9.2023, 13:27:12 - DEBUG - Getting Toys | {"txt":"","sortBy":"alphabet","inStock":"","isDesc":false} 
29.9.2023, 13:27:12 - INFO - Req was made | / 
29.9.2023, 13:27:14 - INFO - Req was made | / 
29.9.2023, 13:27:14 - DEBUG - Getting Toys | {"txt":"","sortBy":"alphabet","inStock":"","isDesc":"true"} 
29.9.2023, 13:27:16 - INFO - Req was made | / 
29.9.2023, 13:27:16 - DEBUG - Getting Toys | {"txt":"","sortBy":"alphabet","inStock":"","isDesc":"false"} 
29.9.2023, 13:27:44 - INFO - Req was made | / 
29.9.2023, 13:27:44 - DEBUG - Getting Toys | {"txt":"","sortBy":"","inStock":"","isDesc":false} 
29.9.2023, 13:27:46 - INFO - Req was made | / 
29.9.2023, 13:27:46 - DEBUG - Getting Toys | {"txt":"","sortBy":"name","inStock":"","isDesc":false} 
29.9.2023, 13:27:47 - INFO - Req was made | / 
29.9.2023, 13:27:47 - DEBUG - Getting Toys | {"txt":"","sortBy":"name","inStock":"","isDesc":"true"} 
29.9.2023, 13:27:50 - INFO - Req was made | / 
29.9.2023, 13:27:50 - DEBUG - Getting Toys | {"txt":"","sortBy":"name","inStock":"","isDesc":"false"} 
29.9.2023, 13:28:34 - INFO - server.js loaded... 
29.9.2023, 13:28:34 - INFO - Server is running on port: 3030 
29.9.2023, 13:28:37 - INFO - Req was made | / 
29.9.2023, 13:28:37 - DEBUG - Getting Toys | {"txt":"","sortBy":"","inStock":"","isDesc":false} 
29.9.2023, 13:28:40 - DEBUG - Getting Toys | {"txt":"","sortBy":"name","inStock":"","isDesc":false} 
29.9.2023, 13:28:40 - INFO - Req was made | / 
29.9.2023, 13:28:40 - ERROR - cannot find toys | MongoError: $meta is the only expression supported by $sort right now 
29.9.2023, 13:28:40 - ERROR - Failed to get toys | MongoError: $meta is the only expression supported by $sort right now 
29.9.2023, 13:31:23 - INFO - server.js loaded... 
29.9.2023, 13:31:23 - INFO - Server is running on port: 3030 
29.9.2023, 13:31:25 - INFO - Req was made | / 
29.9.2023, 13:31:25 - DEBUG - Getting Toys | {"txt":"","sortBy":"","inStock":"","isDesc":false} 
29.9.2023, 13:31:28 - INFO - Req was made | / 
29.9.2023, 13:31:28 - DEBUG - Getting Toys | {"txt":"","sortBy":"name","inStock":"","isDesc":false} 
29.9.2023, 13:31:30 - INFO - Req was made | / 
29.9.2023, 13:31:30 - DEBUG - Getting Toys | {"txt":"","sortBy":"name","inStock":"","isDesc":"true"} 
29.9.2023, 13:31:31 - INFO - Req was made | / 
29.9.2023, 13:31:31 - DEBUG - Getting Toys | {"txt":"","sortBy":"name","inStock":"","isDesc":"false"} 
29.9.2023, 13:31:33 - INFO - Req was made | / 
29.9.2023, 13:31:33 - DEBUG - Getting Toys | {"txt":"","sortBy":"name","inStock":"false","isDesc":"false"} 
29.9.2023, 13:31:35 - DEBUG - Getting Toys | {"txt":"","sortBy":"name","inStock":"false","isDesc":"true"} 
29.9.2023, 13:31:35 - INFO - Req was made | / 
29.9.2023, 13:31:36 - INFO - Req was made | / 
29.9.2023, 13:31:36 - DEBUG - Getting Toys | {"txt":"","sortBy":"name","inStock":"false","isDesc":"false"} 
29.9.2023, 13:31:42 - INFO - Req was made | / 
29.9.2023, 13:31:42 - DEBUG - Getting Toys | {"txt":"reg","sortBy":"name","inStock":"false","isDesc":"false"} 
29.9.2023, 13:31:43 - INFO - Req was made | / 
29.9.2023, 13:31:43 - DEBUG - Getting Toys | {"txt":"","sortBy":"name","inStock":"false","isDesc":"false"} 
29.9.2023, 13:32:02 - INFO - Req was made | / 
29.9.2023, 13:32:02 - DEBUG - Getting Toys | {"txt":"","sortBy":"name","inStock":"true","isDesc":"false"} 
29.9.2023, 13:32:04 - INFO - Req was made | / 
29.9.2023, 13:32:04 - DEBUG - Getting Toys | {"txt":"","sortBy":"name","inStock":"false","isDesc":"false"} 
29.9.2023, 13:32:07 - INFO - Req was made | / 
29.9.2023, 13:32:07 - DEBUG - Getting Toys | {"txt":"reg","sortBy":"name","inStock":"false","isDesc":"false"} 
29.9.2023, 13:32:08 - INFO - Req was made | / 
29.9.2023, 13:32:08 - DEBUG - Getting Toys | {"txt":"","sortBy":"name","inStock":"false","isDesc":"false"} 
29.9.2023, 13:32:11 - INFO - Req was made | / 
29.9.2023, 13:32:11 - DEBUG - Getting Toys | {"txt":"","sortBy":"name","inStock":"","isDesc":"false"} 
29.9.2023, 13:32:31 - INFO - Req was made | / 
29.9.2023, 13:32:31 - DEBUG - Getting Toys | {"txt":"","sortBy":"name","inStock":"","isDesc":"false"} 
29.9.2023, 13:32:44 - INFO - Req was made | / 
29.9.2023, 13:32:44 - DEBUG - Getting Toys | {"txt":"","sortBy":"name","inStock":"true","isDesc":"false"} 
29.9.2023, 13:32:49 - DEBUG - Getting Toys | {"txt":"","sortBy":"name","inStock":"false","isDesc":"false"} 
29.9.2023, 13:32:49 - INFO - Req was made | / 
29.9.2023, 13:32:51 - INFO - Req was made | / 
29.9.2023, 13:32:51 - DEBUG - Getting Toys | {"txt":"","sortBy":"price","inStock":"false","isDesc":"false"} 
29.9.2023, 13:32:53 - INFO - Req was made | / 
29.9.2023, 13:32:53 - DEBUG - Getting Toys | {"txt":"","sortBy":"price","inStock":"false","isDesc":"true"} 
29.9.2023, 13:32:55 - INFO - Req was made | / 
29.9.2023, 13:32:55 - DEBUG - Getting Toys | {"txt":"","sortBy":"price","inStock":"false","isDesc":"false"} 
29.9.2023, 13:33:06 - INFO - server.js loaded... 
29.9.2023, 13:33:06 - INFO - Server is running on port: 3030 
